2023-10-22 21:34:48,525 - Watchdog received event - .\..\archive\2023\ZW\ITSC\EHE.D\ZW.ITSC.00.EHE.D.2023.295.
2023-10-22 21:34:49,773 - Watchdog received event - .\..\archive\2023\ZW\ITSC\EHZ.D\ZW.ITSC.00.EHZ.D.2023.295.
2023-10-22 21:50:33,322 - Watchdog received event - .\..\archive\2023\ZW\ITSC\EHN.D\ZW.ITSC.00.EHN.D.2023.295.
2023-10-22 21:50:33,984 - Watchdog received event - .\..\archive\2023\ZW\ITSC\EHZ.D\ZW.ITSC.00.EHZ.D.2023.295.
2023-10-22 21:57:04,642 - Watchdog received event - .\..\archive\2023\ZW\ITSC\EHE.D\ZW.ITSC.00.EHE.D.2023.295.
2023-10-22 21:57:05,334 - Watchdog received event - .\..\archive\2023\ZW\ITSC\EHZ.D\ZW.ITSC.00.EHZ.D.2023.295.
2023-10-22 22:06:31,736 - Watchdog received event - .\..\archive\2023\ZW\ITSC\EHN.D\ZW.ITSC.00.EHN.D.2023.295.
2023-10-30 22:37:37,065 - Watchdog received event - .\..\archive\2023\ZW\ITSC\EHN.D\ZW.ITSC.00.EHN.D.2023.295.
2023-10-30 22:37:40,074 - Watchdog received event - .\..\archive\2023\ZW\ITSC\EHE.D\ZW.ITSC.00.EHN.D.2023.295.
2023-10-30 22:37:40,696 - Watchdog received event - .\..\archive\2023\ZW\ITSC\EHE.D\ZW.ITSC.00.EHN.D.2023.295.
2023-10-30 23:26:43,064 - Watchdog received event - .\..\archive\2023\ZW\ITSC\EHE.D\ZW.ITSC.00.EHN.D.2023.295.
2023-10-30 23:26:43,810 - Watchdog received event - .\..\archive\2023\ZW\ITSC\EHE.D\ZW.ITSC.00.EHN.D.2023.295.
2023-10-30 23:50:05,094 - Watchdog received event - .\..\archive\2023\ZW\ITSC\EHN.D\ZW.ITSC.00.EHN.D.2023.295.
2023-10-30 23:51:13,757 - Watchdog received event - .\..\archive\2023\ZW\ITSC\EHE.D\ZW.ITSC.00.EHN.D.2023.295.
2023-10-30 23:51:14,599 - Watchdog received event - .\..\archive\2023\ZW\ITSC\EHE.D\ZW.ITSC.00.EHN.D.2023.295.
2023-10-31 00:05:56,518 - Watchdog received event - .\..\archive\2023\ZW\ITSC\EHE.D\ZW.ITSC.00.EHN.D.2023.295.
2023-10-31 00:05:57,286 - Watchdog received event - .\..\archive\2023\ZW\ITSC\EHE.D\ZW.ITSC.00.EHN.D.2023.295.
2023-10-31 00:08:57,522 - Watchdog received event - .\..\archive\2023\ZW\ITSC\EHE.D\ZW.ITSC.00.EHN.D.2023.295.
2023-10-31 00:08:58,259 - Watchdog received event - .\..\archive\2023\ZW\ITSC\EHE.D\ZW.ITSC.00.EHN.D.2023.295.
2023-10-31 00:11:29,725 - Watchdog received event - .\..\archive\2023\ZW\ITSC\EHE.D\ZW.ITSC.00.EHN.D.2023.295.
2023-10-31 00:11:30,482 - Watchdog received event - .\..\archive\2023\ZW\ITSC\EHE.D\ZW.ITSC.00.EHN.D.2023.295.
2023-10-31 00:12:32,680 - Watchdog received event - .\..\archive\2023\ZW\ITSC\EHE.D\ZW.ITSC.00.EHN.D.2023.295.
2023-10-31 00:12:33,455 - Watchdog received event - .\..\archive\2023\ZW\ITSC\EHE.D\ZW.ITSC.00.EHN.D.2023.295.
2023-10-31 00:14:47,990 - Watchdog received event - .\..\archive\2023\ZW\ITSC\EHE.D\ZW.ITSC.00.EHN.D.2023.295.
2023-10-31 00:14:48,719 - Watchdog received event - .\..\archive\2023\ZW\ITSC\EHE.D\ZW.ITSC.00.EHN.D.2023.295.
2023-10-31 19:16:56,039 - Watchdog received event - .\..\archive\2023\ZW\ITSC\EHE.D\ZW.ITSC.00.EHN.D.2023.295.
2023-10-31 19:17:53,804 - Watchdog received event - .\..\archive\2023\ZW\ITSC\EHE.D\ZW.ITSC.00.EHN.D.2023.295.
2023-10-31 19:17:54,604 - Watchdog received event - .\..\archive\2023\ZW\ITSC\EHE.D\ZW.ITSC.00.EHN.D.2023.295.
2023-10-31 19:22:47,863 - Watchdog received event - .\..\archive\2023\ZW\ITSC\EHE.D\encrypt_data.py.
2023-10-31 19:22:48,951 - Watchdog received event - .\..\archive\2023\ZW\ITSC\EHE.D\encrypt_data.py.
2023-10-31 19:22:49,969 - Watchdog received event - .\..\archive\2023\ZW\ITSC\EHE.D\ZW.ITSC.00.EHN.D.2023.295.
2023-10-31 19:24:44,694 - Watchdog received event - .\..\archive\2023\ZW\ITSC\EHE.D\ZW.ITSC.00.EHN.D.2023.295.
2023-10-31 19:24:45,544 - Watchdog received event - .\..\archive\2023\ZW\ITSC\EHE.D\ZW.ITSC.00.EHN.D.2023.295.
2023-10-31 19:45:32,480 - Watchdog received event - .\..\archive\2023\ZW\ITSC\EHE.D\ZW.ITSC.00.EHN.D.2023.295.
2023-10-31 19:45:33,486 - Watchdog received event - .\..\archive\2023\ZW\ITSC\EHE.D\ZW.ITSC.00.EHN.D.2023.295.
