2023/10/08 14:47:39 [notice/Application] Starting scmaster 
2023/10/08 14:47:39 [notice/Application]   Framework   : 4.6.0 Release
2023/10/08 14:47:39 [notice/Application]   API Version : 14.2.0
2023/10/08 14:47:39 [notice/Application]   Version     : GIT HEAD: 
Compiler: c++ (Ubuntu 9.3.0-10ubuntu2) 9.3.0
Build system: Linux 5.4.0-29-generic
OS: Ubuntu 20.04 LTS / Linux
2023/10/08 14:47:39 [error/MYSQL] Connect to sysop:******@gisola-db:3306/seiscomp failed: Access denied for user 'sysop'@'172.18.0.4' (using password: YES)
2023/10/08 14:47:39 [error/dbstore] Database check... connection refused, retry
2023/10/08 14:47:39 [error/dbstore] Database check... connection not available, abort
2023/10/08 14:47:39 [error/MASTER] Failed to initialize message processor interface 'dbstore'
2023/10/08 14:47:39 [notice/Application] Shutdown
2023/10/08 15:46:43 [notice/Application] Starting scmaster 
2023/10/08 15:46:43 [notice/Application]   Framework   : 4.6.0 Release
2023/10/08 15:46:43 [notice/Application]   API Version : 14.2.0
2023/10/08 15:46:43 [notice/Application]   Version     : GIT HEAD: 
Compiler: c++ (Ubuntu 9.3.0-10ubuntu2) 9.3.0
Build system: Linux 5.4.0-29-generic
OS: Ubuntu 20.04 LTS / Linux
2023/10/08 15:46:44 [error/MYSQL] Connect to sysop:******@gisola-db:3306/seiscomp failed: Access denied for user 'sysop'@'172.18.0.4' (using password: YES)
2023/10/08 15:46:44 [error/dbstore] Database check... connection refused, retry
2023/10/08 15:46:44 [error/dbstore] Database check... connection not available, abort
2023/10/08 15:46:44 [error/MASTER] Failed to initialize message processor interface 'dbstore'
2023/10/08 15:46:44 [notice/Application] Shutdown
2023/10/08 15:57:00 [notice/Application] Starting scmaster 
2023/10/08 15:57:00 [notice/Application]   Framework   : 4.6.0 Release
2023/10/08 15:57:00 [notice/Application]   API Version : 14.2.0
2023/10/08 15:57:00 [notice/Application]   Version     : GIT HEAD: 
Compiler: c++ (Ubuntu 9.3.0-10ubuntu2) 9.3.0
Build system: Linux 5.4.0-29-generic
OS: Ubuntu 20.04 LTS / Linux
2023/10/08 15:57:00 [error/MYSQL] Connect to sysop:******@gisola-db:3306/seiscomp failed: Access denied for user 'sysop'@'172.18.0.4' (using password: YES)
2023/10/08 15:57:00 [error/dbstore] Database check... connection refused, retry
2023/10/08 15:57:00 [error/dbstore] Database check... connection not available, abort
2023/10/08 15:57:00 [error/MASTER] Failed to initialize message processor interface 'dbstore'
2023/10/08 15:57:00 [notice/Application] Shutdown
