2023/10/22 14:15:46 [notice/Application] Starting scmaster 
2023/10/22 14:15:46 [notice/Application]   Framework   : 4.6.0 Release
2023/10/22 14:15:46 [notice/Application]   API Version : 14.2.0
2023/10/22 14:15:46 [notice/Application]   Version     : GIT HEAD: 
Compiler: c++ (Ubuntu 9.3.0-10ubuntu2) 9.3.0
Build system: Linux 5.4.0-29-generic
OS: Ubuntu 20.04 LTS / Linux
2023/10/22 14:15:46 [error/MYSQL] Connect to sysop:******@gisola-db:3306/seiscomp failed: Access denied for user 'sysop'@'172.19.0.3' (using password: YES)
2023/10/22 14:15:46 [error/dbstore] Database check... connection refused, retry
2023/10/22 14:15:46 [error/dbstore] Database check... connection not available, abort
2023/10/22 14:15:46 [error/MASTER] Failed to initialize message processor interface 'dbstore'
2023/10/22 14:15:46 [notice/Application] Shutdown
2023/10/22 15:17:55 [notice/Application] Starting scmaster 
2023/10/22 15:17:55 [notice/Application]   Framework   : 4.6.0 Release
2023/10/22 15:17:55 [notice/Application]   API Version : 14.2.0
2023/10/22 15:17:55 [notice/Application]   Version     : GIT HEAD: 
Compiler: c++ (Ubuntu 9.3.0-10ubuntu2) 9.3.0
Build system: Linux 5.4.0-29-generic
OS: Ubuntu 20.04 LTS / Linux
2023/10/22 15:17:55 [error/MYSQL] Connect to sysop:******@gisola-db:3306/seiscomp failed: Access denied for user 'sysop'@'172.19.0.3' (using password: YES)
2023/10/22 15:17:55 [error/dbstore] Database check... connection refused, retry
2023/10/22 15:17:55 [error/dbstore] Database check... connection not available, abort
2023/10/22 15:17:55 [error/MASTER] Failed to initialize message processor interface 'dbstore'
2023/10/22 15:17:55 [notice/Application] Shutdown
2023/10/22 15:18:48 [notice/Application] Starting scmaster 
2023/10/22 15:18:48 [notice/Application]   Framework   : 4.6.0 Release
2023/10/22 15:18:48 [notice/Application]   API Version : 14.2.0
2023/10/22 15:18:48 [notice/Application]   Version     : GIT HEAD: 
Compiler: c++ (Ubuntu 9.3.0-10ubuntu2) 9.3.0
Build system: Linux 5.4.0-29-generic
OS: Ubuntu 20.04 LTS / Linux
2023/10/22 15:18:48 [error/MYSQL] Connect to sysop:******@gisola-db:3306/seiscomp failed: Access denied for user 'sysop'@'172.19.0.3' (using password: YES)
2023/10/22 15:18:48 [error/dbstore] Database check... connection refused, retry
2023/10/22 15:18:48 [error/dbstore] Database check... connection not available, abort
2023/10/22 15:18:48 [error/MASTER] Failed to initialize message processor interface 'dbstore'
2023/10/22 15:18:48 [notice/Application] Shutdown
2023/10/22 15:31:39 [notice/Application] Starting scmaster 
2023/10/22 15:31:39 [notice/Application]   Framework   : 4.6.0 Release
2023/10/22 15:31:39 [notice/Application]   API Version : 14.2.0
2023/10/22 15:31:39 [notice/Application]   Version     : GIT HEAD: 
Compiler: c++ (Ubuntu 9.3.0-10ubuntu2) 9.3.0
Build system: Linux 5.4.0-29-generic
OS: Ubuntu 20.04 LTS / Linux
2023/10/22 15:31:39 [error/MYSQL] Connect to sysop:******@gisola-db:3306/seiscomp failed: Access denied for user 'sysop'@'172.19.0.3' (using password: YES)
2023/10/22 15:31:39 [error/dbstore] Database check... connection refused, retry
2023/10/22 15:31:39 [error/dbstore] Database check... connection not available, abort
2023/10/22 15:31:39 [error/MASTER] Failed to initialize message processor interface 'dbstore'
2023/10/22 15:31:39 [notice/Application] Shutdown
2023/10/22 18:21:08 [notice/Application] Starting scmaster 
2023/10/22 18:21:08 [notice/Application]   Framework   : 4.6.0 Release
2023/10/22 18:21:08 [notice/Application]   API Version : 14.2.0
2023/10/22 18:21:08 [notice/Application]   Version     : GIT HEAD: 
Compiler: c++ (Ubuntu 9.3.0-10ubuntu2) 9.3.0
Build system: Linux 5.4.0-29-generic
OS: Ubuntu 20.04 LTS / Linux
2023/10/22 18:21:08 [error/MYSQL] Connect to sysop:******@gisola-db:3306/seiscomp failed: Access denied for user 'sysop'@'172.19.0.3' (using password: YES)
2023/10/22 18:21:08 [error/dbstore] Database check... connection refused, retry
2023/10/22 18:21:08 [error/dbstore] Database check... connection not available, abort
2023/10/22 18:21:08 [error/MASTER] Failed to initialize message processor interface 'dbstore'
2023/10/22 18:21:08 [notice/Application] Shutdown
2023/10/22 18:22:47 [notice/Application] Starting scmaster 
2023/10/22 18:22:47 [notice/Application]   Framework   : 4.6.0 Release
2023/10/22 18:22:47 [notice/Application]   API Version : 14.2.0
2023/10/22 18:22:47 [notice/Application]   Version     : GIT HEAD: 
Compiler: c++ (Ubuntu 9.3.0-10ubuntu2) 9.3.0
Build system: Linux 5.4.0-29-generic
OS: Ubuntu 20.04 LTS / Linux
2023/10/22 18:22:47 [error/MYSQL] Connect to sysop:******@gisola-db:3306/seiscomp failed: Access denied for user 'sysop'@'172.19.0.3' (using password: YES)
2023/10/22 18:22:47 [error/dbstore] Database check... connection refused, retry
2023/10/22 18:22:47 [error/dbstore] Database check... connection not available, abort
2023/10/22 18:22:47 [error/MASTER] Failed to initialize message processor interface 'dbstore'
2023/10/22 18:22:47 [notice/Application] Shutdown
