2023-11-09 21:24:28,422 - Watchdog received event - .\..\archive\2023\ZW\ITSC\EHE.D\ZW.ITSC.00.EHN.D.2023.295.
2023-11-09 21:24:29,215 - Watchdog received event - .\..\archive\2023\ZW\ITSC\EHE.D\ZW.ITSC.00.EHN.D.2023.295.
2023-11-09 21:25:39,879 - Watchdog received event - .\..\archive\2023\ZW\ITSC\EHE.D\ZW.ITSC.00.EHN.D.2023.295.
2023-11-09 21:25:40,662 - Watchdog received event - .\..\archive\2023\ZW\ITSC\EHE.D\ZW.ITSC.00.EHN.D.2023.295.
2023-11-09 21:29:41,439 - Watchdog received event - .\..\archive\2023\ZW\ITSC\EHE.D\ZW.ITSC.00.EHN.D.2023.295.
2023-11-09 21:29:42,236 - Watchdog received event - .\..\archive\2023\ZW\ITSC\EHE.D\ZW.ITSC.00.EHN.D.2023.295.
2023-11-09 21:31:16,894 - Watchdog received event - .\..\archive\2023\ZW\ITSC\EHE.D\ZW.ITSC.00.EHN.D.2023.295.
2023-11-09 21:31:17,925 - Watchdog received event - .\..\archive\2023\ZW\ITSC\EHE.D\ZW.ITSC.00.EHN.D.2023.295.
2023-11-09 21:36:05,360 - Watchdog received event - .\..\archive\2023\ZW\ITSC\EHE.D\ZW.ITSC.00.EHN.D.2023.295.
2023-11-09 21:36:06,161 - Watchdog received event - .\..\archive\2023\ZW\ITSC\EHE.D\ZW.ITSC.00.EHN.D.2023.295.
2023-11-09 21:42:49,662 - Watchdog received event - .\..\archive\2023\ZW\ITSC\EHE.D\ZW.ITSC.00.EHN.D.2023.295.
2023-11-09 21:42:50,436 - Watchdog received event - .\..\archive\2023\ZW\ITSC\EHE.D\ZW.ITSC.00.EHN.D.2023.295.
2023-11-09 21:43:18,102 - Watchdog received event - .\..\archive\2023\ZW\ITSC\EHE.D\ZW.ITSC.00.EHN.D.2023.295.
2023-11-09 21:43:18,866 - Watchdog received event - .\..\archive\2023\ZW\ITSC\EHE.D\ZW.ITSC.00.EHN.D.2023.295.
2023-11-09 21:43:42,192 - Watchdog received event - .\..\archive\2023\ZW\ITSC\EHE.D\ZW.ITSC.00.EHN.D.2023.295.
2023-11-09 21:43:43,030 - Watchdog received event - .\..\archive\2023\ZW\ITSC\EHE.D\ZW.ITSC.00.EHN.D.2023.295.
2023-11-09 21:45:25,176 - Watchdog received event - .\..\archive\2023\ZW\ITSC\EHE.D\ZW.ITSC.00.EHN.D.2023.295.
2023-11-09 21:45:26,053 - Watchdog received event - .\..\archive\2023\ZW\ITSC\EHE.D\ZW.ITSC.00.EHN.D.2023.295.
2023-11-09 21:45:57,276 - Watchdog received event - .\..\archive\2023\ZW\ITSC\EHE.D\ZW.ITSC.00.EHN.D.2023.295.
2023-11-09 21:45:58,130 - Watchdog received event - .\..\archive\2023\ZW\ITSC\EHE.D\ZW.ITSC.00.EHN.D.2023.295.
2023-11-09 21:49:55,163 - Watchdog received event - .\..\archive\2023\ZW\ITSC\EHE.D\ZW.ITSC.00.EHN.D.2023.295.
2023-11-09 21:49:56,203 - Watchdog received event - .\..\archive\2023\ZW\ITSC\EHE.D\ZW.ITSC.00.EHN.D.2023.295.
2023-11-09 21:54:11,712 - Watchdog received event - .\..\archive\2023\ZW\ITSC\EHE.D\ZW.ITSC.00.EHE.D.2023.295.
2023-11-09 21:54:14,940 - Watchdog received event - .\..\archive\2023\ZW\ITSC\EHE.D\ZW.ITSC.00.EHE.D.2023 copy.295.
2023-11-09 21:54:15,872 - Watchdog received event - .\..\archive\2023\ZW\ITSC\EHE.D\ZW.ITSC.00.EHE.D.2023 copy.295.
2023-11-09 21:56:10,717 - Watchdog received event - .\..\archive\2023\ZW\ITSC\EHE.D\ZW.ITSC.00.EHN.D.2023.295.
2023-11-09 21:56:11,673 - Watchdog received event - .\..\archive\2023\ZW\ITSC\EHE.D\ZW.ITSC.00.EHN.D.2023.295.
2023-11-09 21:57:25,056 - Watchdog received event - .\..\archive\2023\ZW\ITSC\EHE.D\ZW.ITSC.00.EHN.D.2023.295.
2023-11-09 21:57:26,105 - Watchdog received event - .\..\archive\2023\ZW\ITSC\EHE.D\ZW.ITSC.00.EHN.D.2023.295.
2023-11-09 21:59:11,483 - Watchdog received event - .\..\archive\2023\ZW\ITSC\EHE.D\ZW.ITSC.00.EHN.D.2023.295.
2023-11-09 21:59:12,515 - Watchdog received event - .\..\archive\2023\ZW\ITSC\EHE.D\ZW.ITSC.00.EHN.D.2023.295.
2023-11-09 22:00:27,636 - Watchdog received event - .\..\archive\2023\ZW\ITSC\EHE.D\ZW.ITSC.00.EHN.D.2023.295.
2023-11-09 22:00:28,718 - Watchdog received event - .\..\archive\2023\ZW\ITSC\EHE.D\ZW.ITSC.00.EHN.D.2023.295.
2023-11-09 22:09:52,979 - Watchdog received event - .\..\archive\2023\ZW\ITSC\EHE.D\ZW.ITSC.00.EHN.D.2023.295.
2023-11-09 22:09:54,078 - Watchdog received event - .\..\archive\2023\ZW\ITSC\EHE.D\ZW.ITSC.00.EHN.D.2023.295.
2023-11-09 22:11:09,237 - Watchdog received event - .\..\archive\2023\ZW\ITSC\EHE.D\ZW.ITSC.00.EHN.D.2023.295.
2023-11-09 22:11:10,221 - Watchdog received event - .\..\archive\2023\ZW\ITSC\EHE.D\ZW.ITSC.00.EHN.D.2023.295.
2023-11-09 22:12:05,253 - Watchdog received event - .\..\archive\2023\ZW\ITSC\EHE.D\ZW.ITSC.00.EHN.D.2023.295.
2023-11-09 22:12:06,197 - Watchdog received event - .\..\archive\2023\ZW\ITSC\EHE.D\ZW.ITSC.00.EHN.D.2023.295.
2023-11-09 22:15:10,618 - Watchdog received event - .\..\archive\2023\ZW\ITSC\EHE.D\ZW.ITSC.00.EHN.D.2023.295.
2023-11-09 22:15:11,574 - Watchdog received event - .\..\archive\2023\ZW\ITSC\EHE.D\ZW.ITSC.00.EHN.D.2023.295.
2023-11-09 22:16:29,537 - Watchdog received event - .\..\archive\2023\ZW\ITSC\EHE.D\ZW.ITSC.00.EHN.D.2023.295.
2023-11-09 22:16:30,579 - Watchdog received event - .\..\archive\2023\ZW\ITSC\EHE.D\ZW.ITSC.00.EHN.D.2023.295.
2023-11-09 23:13:50,849 - Watchdog received event - .\..\archive\2023\ZW\ITSC\EHN.D\ZW.ITSC.00.EHN.D.2023.295.
2023-11-09 23:13:54,790 - Watchdog received event - .\..\archive\2023\ZW\ITSC\EHE.D\ZW.ITSC.00.EHN.D.2023.295.
2023-11-09 23:13:55,827 - Watchdog received event - .\..\archive\2023\ZW\ITSC\EHE.D\ZW.ITSC.00.EHN.D.2023.295.
2023-11-09 23:24:09,937 - Watchdog received event - .\..\archive\2023\ZW\ITSC\EHE.D\ZW.ITSC.00.EHN.D.2023.295.
2023-11-09 23:24:11,051 - Watchdog received event - .\..\archive\2023\ZW\ITSC\EHE.D\ZW.ITSC.00.EHN.D.2023.295.
2023-11-09 23:26:58,657 - Watchdog received event - .\..\archive\2023\ZW\ITSC\EHE.D\ZW.ITSC.00.EHN.D.2023.295.
2023-11-09 23:26:59,726 - Watchdog received event - .\..\archive\2023\ZW\ITSC\EHE.D\ZW.ITSC.00.EHN.D.2023.295.
2023-11-09 23:30:08,365 - Watchdog received event - .\..\archive\2023\ZW\ITSC\EHE.D\ZW.ITSC.00.EHE.D.2023.295.
2023-11-09 23:30:11,438 - Watchdog received event - .\..\archive\2023\ZW\ITSC\EHE.D\ZW.ITSC.00.EHE.D.2023 copy.295.
2023-11-09 23:30:12,484 - Watchdog received event - .\..\archive\2023\ZW\ITSC\EHE.D\ZW.ITSC.00.EHE.D.2023 copy.295.
2023-11-09 23:32:01,724 - Watchdog received event - .\..\archive\2023\ZW\ITSC\EHE.D\ZW.ITSC.00.EHN.D.2023.295.
2023-11-09 23:32:02,850 - Watchdog received event - .\..\archive\2023\ZW\ITSC\EHE.D\ZW.ITSC.00.EHN.D.2023.295.
2023-11-11 21:38:58,603 - Watchdog received event - .\..\archive\2023\ZW\ITSC\EHN.D\ZW.ITSC.00.EHN.D.2023.295.
2023-11-11 21:39:01,644 - Watchdog received event - .\..\archive\2023\ZW\ITSC\EHE.D\ZW.ITSC.00.EHN.D.2023.295.
2023-11-11 21:39:02,634 - Watchdog received event - .\..\archive\2023\ZW\ITSC\EHE.D\ZW.ITSC.00.EHN.D.2023.295.
2023-11-11 22:20:53,513 - Watchdog received event - .\..\archive\2023\ZW\ITSC\EHE.D\ZW.ITSC.00.EHN.D.2023.295.
2023-11-11 22:20:54,357 - Watchdog received event - .\..\archive\2023\ZW\ITSC\EHE.D\ZW.ITSC.00.EHN.D.2023.295.
2023-11-11 22:21:51,433 - Watchdog received event - .\..\archive\2023\ZW\ITSC\EHE.D\ZW.ITSC.00.EHN.D.2023.295.
2023-11-11 22:21:52,211 - Watchdog received event - .\..\archive\2023\ZW\ITSC\EHE.D\ZW.ITSC.00.EHN.D.2023.295.
2023-11-11 22:23:48,190 - Watchdog received event - .\..\archive\2023\ZW\ITSC\EHE.D\ZW.ITSC.00.EHN.D.2023.295.
2023-11-11 22:23:49,084 - Watchdog received event - .\..\archive\2023\ZW\ITSC\EHE.D\ZW.ITSC.00.EHN.D.2023.295.
2023-11-11 22:24:08,678 - Watchdog received event - .\..\archive\2023\ZW\ITSC\EHE.D\ZW.ITSC.00.EHN.D.2023.295.
2023-11-11 22:24:09,519 - Watchdog received event - .\..\archive\2023\ZW\ITSC\EHE.D\ZW.ITSC.00.EHN.D.2023.295.
2023-11-12 11:41:42,000 - Watchdog received event - .\..\archive\2023\ZW\ITSC\EHN.D\ZW.ITSC.00.EHN.D.2023.295.
2023-11-12 11:41:50,973 - Watchdog received event - .\..\archive\2023\ZW\ITSC\EHE.D\ZW.ITSC.00.EHN.D.2023.295.
2023-11-12 11:41:53,592 - Watchdog received event - .\..\archive\2023\ZW\ITSC\EHE.D\ZW.ITSC.00.EHN.D.2023.295.
2023-11-12 11:45:28,285 - Watchdog received event - .\..\archive\2023\ZW\ITSC\EHE.D\ZW.ITSC.00.EHN.D.2023.295.
2023-11-12 11:45:28,865 - Watchdog received event - .\..\archive\2023\ZW\ITSC\EHE.D\ZW.ITSC.00.EHN.D.2023.295.
2023-11-12 11:45:55,516 - Watchdog received event - .\..\archive\2023\ZW\ITSC\EHE.D\ZW.ITSC.00.EHN.D.2023.295.
2023-11-12 11:45:58,177 - Watchdog received event - .\..\archive\2023\ZW\ITSC\EHE.D\ZW.ITSC.00.EHN.D.2023.295.
2023-11-12 11:49:21,799 - Watchdog received event - .\..\archive\2023\ZW\ITSC\EHE.D\ZW.ITSC.00.EHN.D.2023.295.
2023-11-12 11:49:24,452 - Watchdog received event - .\..\archive\2023\ZW\ITSC\EHE.D\ZW.ITSC.00.EHN.D.2023.295.
2023-11-12 12:02:29,346 - Watchdog received event - .\..\archive\2023\ZW\ITSC\EHE.D copy\ZW.ITSC.00.EHE.D.2023.295.
2023-11-12 12:02:30,217 - Watchdog received event - .\..\archive\2023\ZW\ITSC\EHE.D copy\ZW.ITSC.00.EHE.D.2023.295.
2023-11-12 12:02:37,502 - Watchdog received event - .\..\archive\2023\ZW\ITSC\EHE.D\ZW.ITSC.00.EHN.D.2023.295.
2023-11-12 12:02:38,305 - Watchdog received event - .\..\archive\2023\ZW\ITSC\EHE.D\ZW.ITSC.00.EHN.D.2023.295.
2023-11-12 12:28:02,759 - Watchdog received event - .\..\archive\2023\ZW\ITSC\EHE.D\ZW.ITSC.00.EHN.D.2023.295.
2023-11-12 12:28:03,552 - Watchdog received event - .\..\archive\2023\ZW\ITSC\EHE.D\ZW.ITSC.00.EHN.D.2023.295.
2023-11-12 12:29:54,188 - Watchdog received event - .\..\archive\2023\ZW\ITSC\EHE.D\ZW.ITSC.00.EHN.D.2023.295.
2023-11-12 12:29:55,026 - Watchdog received event - .\..\archive\2023\ZW\ITSC\EHE.D\ZW.ITSC.00.EHN.D.2023.295.
2023-11-12 12:36:18,131 - Watchdog received event - .\..\archive\2023\ZW\ITSC\EHE.D\ZW.ITSC.00.EHN.D.2023.295.
2023-11-12 12:36:18,926 - Watchdog received event - .\..\archive\2023\ZW\ITSC\EHE.D\ZW.ITSC.00.EHN.D.2023.295.
2023-11-12 13:05:03,117 - Watchdog received event - .\..\archive\2023\ZW\ITSC\EHN.D\ZW.ITSC.00.EHN.D.2023.295.
2023-11-12 13:05:06,481 - Watchdog received event - .\..\archive\2023\ZW\ITSC\EHE.D\ZW.ITSC.00.EHN.D.2023.295.
2023-11-12 13:05:09,074 - Watchdog received event - .\..\archive\2023\ZW\ITSC\EHE.D\ZW.ITSC.00.EHN.D.2023.295.
2023-11-12 13:06:05,691 - Watchdog received event - .\..\archive\2023\ZW\ITSC\EHE.D\ZW.ITSC.00.EHN.D.2023.295.
2023-11-12 13:06:06,698 - Watchdog received event - .\..\archive\2023\ZW\ITSC\EHE.D\ZW.ITSC.00.EHN.D.2023.295.
2023-11-12 13:06:29,497 - Watchdog received event - .\..\archive\2023\ZW\ITSC\EHE.D\ZW.ITSC.00.EHN.D.2023.295.
2023-11-12 13:07:45,610 - Watchdog received event - .\..\archive\2023\ZW\ITSC\EHE.D\ZW.ITSC.00.EHN.D.2023.295.
2023-11-12 13:07:46,229 - Watchdog received event - .\..\archive\2023\ZW\ITSC\EHE.D\ZW.ITSC.00.EHN.D.2023.295.
2023-11-12 13:08:32,444 - Watchdog received event - .\..\archive\2023\ZW\ITSC\EHE.D\ZW.ITSC.00.EHN.D.2023.295.
2023-11-12 13:08:33,034 - Watchdog received event - .\..\archive\2023\ZW\ITSC\EHE.D\ZW.ITSC.00.EHN.D.2023.295.
2023-11-12 13:09:32,076 - Watchdog received event - .\..\archive\2023\ZW\ITSC\EHE.D\ZW.ITSC.00.EHN.D.2023.295.
2023-11-12 13:09:32,671 - Watchdog received event - .\..\archive\2023\ZW\ITSC\EHE.D\ZW.ITSC.00.EHN.D.2023.295.
2023-11-12 13:10:18,998 - Watchdog received event - .\..\archive\2023\ZW\ITSC\EHE.D\ZW.ITSC.00.EHN.D.2023.295.
2023-11-12 13:10:19,561 - Watchdog received event - .\..\archive\2023\ZW\ITSC\EHE.D\ZW.ITSC.00.EHN.D.2023.295.
2023-11-12 13:10:53,968 - Watchdog received event - .\..\archive\2023\ZW\ITSC\EHE.D\ZW.ITSC.00.EHN.D.2023.295.
2023-11-12 13:10:54,536 - Watchdog received event - .\..\archive\2023\ZW\ITSC\EHE.D\ZW.ITSC.00.EHN.D.2023.295.
2023-11-12 13:13:03,963 - Watchdog received event - .\..\archive\2023\ZW\ITSC\EHE.D\ZW.ITSC.00.EHN.D.2023.295.
2023-11-12 13:13:05,039 - Watchdog received event - .\..\archive\2023\ZW\ITSC\EHE.D\ZW.ITSC.00.EHN.D.2023.295.
2023-11-12 13:21:55,117 - Watchdog received event - .\..\archive\2023\ZW\ITSC\EHE.D\ZW.ITSC.00.EHN.D.2023.295.
2023-11-12 13:21:55,697 - Watchdog received event - .\..\archive\2023\ZW\ITSC\EHE.D\ZW.ITSC.00.EHN.D.2023.295.
2023-11-12 13:23:31,473 - Watchdog received event - .\..\archive\2023\ZW\ITSC\EHE.D\ZW.ITSC.00.EHN.D.2023.295.
2023-11-12 13:23:32,069 - Watchdog received event - .\..\archive\2023\ZW\ITSC\EHE.D\ZW.ITSC.00.EHN.D.2023.295.
2023-11-12 13:24:34,906 - Watchdog received event - .\..\archive\2023\ZW\ITSC\EHE.D\ZW.ITSC.00.EHN.D.2023.295.
2023-11-12 13:24:35,549 - Watchdog received event - .\..\archive\2023\ZW\ITSC\EHE.D\ZW.ITSC.00.EHN.D.2023.295.
2023-11-12 13:26:15,218 - Watchdog received event - .\..\archive\2023\ZW\ITSC\EHE.D\ZW.ITSC.00.EHN.D.2023.295.
2023-11-12 13:26:15,858 - Watchdog received event - .\..\archive\2023\ZW\ITSC\EHE.D\ZW.ITSC.00.EHN.D.2023.295.
2023-11-12 13:27:43,437 - Watchdog received event - .\..\archive\2023\ZW\ITSC\EHE.D\ZW.ITSC.00.EHN.D.2023.295.
2023-11-12 13:27:44,129 - Watchdog received event - .\..\archive\2023\ZW\ITSC\EHE.D\ZW.ITSC.00.EHN.D.2023.295.
2023-11-12 13:38:32,137 - Watchdog received event - .\..\archive\2023\ZW\ITSC\EHE.D\ZW.ITSC.00.EHN.D.2023.295.
2023-11-12 13:38:32,737 - Watchdog received event - .\..\archive\2023\ZW\ITSC\EHE.D\ZW.ITSC.00.EHN.D.2023.295.
2023-11-12 13:39:19,303 - Watchdog received event - .\..\archive\2023\ZW\ITSC\EHE.D\ZW.ITSC.00.EHN.D.2023.295.
2023-11-12 13:39:20,411 - Watchdog received event - .\..\archive\2023\ZW\ITSC\EHE.D\ZW.ITSC.00.EHN.D.2023.295.
2023-11-12 18:44:56,916 - Watchdog received event - .\..\archive\2023\ZW\ITSC\EHN.D\ZW.ITSC.00.EHN.D.2023.295.
2023-11-12 18:45:00,326 - Watchdog received event - .\..\archive\2023\ZW\ITSC\EHE.D\ZW.ITSC.00.EHN.D.2023.295.
2023-11-12 18:45:01,132 - Watchdog received event - .\..\archive\2023\ZW\ITSC\EHE.D\ZW.ITSC.00.EHN.D.2023.295.
2023-11-12 18:48:29,668 - Watchdog received event - .\..\archive\2023\ZW\ITSC\EHE.D\ZW.ITSC.00.EHN.D.2023.295.
2023-11-12 18:48:31,016 - Watchdog received event - .\..\archive\2023\ZW\ITSC\EHE.D\ZW.ITSC.00.EHN.D.2023.295.
2023-11-13 21:57:40,233 - Watchdog received event - .\..\archive\2023\ZW\ITSC\EHE.D\ZW.ITSC.00.EHE.D.2023.316.
2023-11-13 21:57:41,553 - Watchdog received event - .\..\archive\2023\ZW\ITSC\EHE.D\ZW.ITSC.00.EHE.D.2023.316.
2023-11-13 21:57:42,430 - Watchdog received event - .\..\archive\2023\ZW\ITSC\EHN.D\ZW.ITSC.00.EHN.D.2023.316.
2023-11-13 21:57:43,297 - Watchdog received event - .\..\archive\2023\ZW\ITSC\EHZ.D\ZW.ITSC.00.EHZ.D.2023.316.
2023-11-14 22:52:46,813 - Watchdog received event - .\..\archive\2023\ZW\ITSC\EHE.D\ZW.ITSC.00.EHE.D.2023.316.
2023-11-14 22:52:47,613 - Watchdog received event - .\..\archive\2023\ZW\ITSC\EHE.D\ZW.ITSC.00.EHE.D.2023.316.
2023-11-14 22:52:50,384 - Watchdog received event - .\..\archive\2023\ZW\ITSC\EHN.D\ZW.ITSC.00.EHN.D.2023.316.
2023-11-14 22:52:53,041 - Watchdog received event - .\..\archive\2023\ZW\ITSC\EHZ.D\ZW.ITSC.00.EHZ.D.2023.316.
2023-11-14 22:56:57,856 - Watchdog received event - .\..\archive\2023\ZW\ITSC\EHE.D\ZW.ITSC.00.EHE.D.2023.316.
2023-11-14 22:56:58,704 - Watchdog received event - .\..\archive\2023\ZW\ITSC\EHE.D\ZW.ITSC.00.EHE.D.2023.316.
2023-11-14 22:57:01,393 - Watchdog received event - .\..\archive\2023\ZW\ITSC\EHN.D\ZW.ITSC.00.EHN.D.2023.316.
2023-11-14 22:57:04,155 - Watchdog received event - .\..\archive\2023\ZW\ITSC\EHZ.D\ZW.ITSC.00.EHZ.D.2023.316.
2023-11-14 22:59:16,884 - Watchdog received event - .\..\archive\2023\ZW\ITSC\EHE.D\ZW.ITSC.00.EHE.D.2023.316.
2023-11-14 22:59:17,522 - Watchdog received event - .\..\archive\2023\ZW\ITSC\EHE.D\ZW.ITSC.00.EHE.D.2023.316.
2023-11-14 22:59:20,171 - Watchdog received event - .\..\archive\2023\ZW\ITSC\EHN.D\ZW.ITSC.00.EHN.D.2023.316.
2023-11-14 22:59:23,009 - Watchdog received event - .\..\archive\2023\ZW\ITSC\EHZ.D\ZW.ITSC.00.EHZ.D.2023.316.
2023-11-14 23:00:59,475 - Watchdog received event - .\..\archive\2023\ZW\ITSC\EHE.D\ZW.ITSC.00.EHE.D.2023.316.
2023-11-14 23:01:00,180 - Watchdog received event - .\..\archive\2023\ZW\ITSC\EHE.D\ZW.ITSC.00.EHE.D.2023.316.
2023-11-14 23:01:02,926 - Watchdog received event - .\..\archive\2023\ZW\ITSC\EHN.D\ZW.ITSC.00.EHN.D.2023.316.
2023-11-14 23:01:05,663 - Watchdog received event - .\..\archive\2023\ZW\ITSC\EHZ.D\ZW.ITSC.00.EHZ.D.2023.316.
2023-11-14 23:03:34,418 - Watchdog received event - .\..\archive\2023\ZW\ITSC\EHE.D\ZW.ITSC.00.EHE.D.2023.316.
2023-11-14 23:03:35,219 - Watchdog received event - .\..\archive\2023\ZW\ITSC\EHE.D\ZW.ITSC.00.EHE.D.2023.316.
2023-11-14 23:03:37,886 - Watchdog received event - .\..\archive\2023\ZW\ITSC\EHN.D\ZW.ITSC.00.EHN.D.2023.316.
2023-11-14 23:03:40,604 - Watchdog received event - .\..\archive\2023\ZW\ITSC\EHZ.D\ZW.ITSC.00.EHZ.D.2023.316.
2023-11-14 23:06:03,079 - Watchdog received event - .\..\archive\2023\ZW\ITSC\EHE.D\ZW.ITSC.00.EHE.D.2023.316.
2023-11-14 23:11:41,906 - Watchdog received event - .\..\archive\2023\ZW\ITSC\EHE.D\ZW.ITSC.00.EHE.D.2023.316.
2023-11-14 23:11:42,540 - Watchdog received event - .\..\archive\2023\ZW\ITSC\EHE.D\ZW.ITSC.00.EHE.D.2023.316.
2023-11-14 23:11:45,145 - Watchdog received event - .\..\archive\2023\ZW\ITSC\EHN.D\ZW.ITSC.00.EHN.D.2023.316.
2023-11-14 23:11:47,995 - Watchdog received event - .\..\archive\2023\ZW\ITSC\EHZ.D\ZW.ITSC.00.EHZ.D.2023.316.
2023-11-15 00:13:14,466 - Watchdog received event - .\..\archive\2023\ZW\ITSC\EHE.D\ZW.ITSC.00.EHE.D.2023.316.
2023-11-15 00:14:24,950 - Watchdog received event - .\..\archive\2023\ZW\ITSC\EHE.D\ZW.ITSC.00.EHE.D.2023.316.
2023-11-15 00:18:34,338 - Watchdog received event - .\..\archive\2023\ZW\ITSC\EHE.D\ZW.ITSC.00.EHE.D.2023.316.
2023-11-15 00:21:20,166 - Watchdog received event - .\..\archive\2023\ZW\ITSC\EHE.D\ZW.ITSC.00.EHE.D.2023.316.
2023-11-15 00:21:22,756 - Watchdog received event - .\..\archive\2023\ZW\ITSC\EHN.D\ZW.ITSC.00.EHN.D.2023.316.
2023-11-15 00:21:25,428 - Watchdog received event - .\..\archive\2023\ZW\ITSC\EHZ.D\ZW.ITSC.00.EHZ.D.2023.316.
2023-11-15 00:22:00,332 - Watchdog received event - .\..\archive\2023\ZW\ITSC\EHE.D\ZW.ITSC.00.EHE.D.2023.316.
2023-11-15 00:30:02,547 - Watchdog received event - .\..\archive\2023\ZW\ITSC\EHN.D\ZW.ITSC.00.EHN.D.2023.316.
2023-11-15 00:30:03,618 - Watchdog received event - .\..\archive\2023\ZW\ITSC\EHZ.D\ZW.ITSC.00.EHZ.D.2023.316.
2023-11-15 17:24:06,719 - Watchdog received event - .\..\archive\2023\ZW\ITSC\EHE.D\ZW.ITSC.00.EHE.D.2023.316.
2023-11-15 17:24:07,833 - Watchdog received event - .\..\archive\2023\ZW\ITSC\EHE.D\ZW.ITSC.00.EHE.D.2023.316.
2023-11-15 17:24:08,883 - Watchdog received event - .\..\archive\2023\ZW\ITSC\EHN.D\ZW.ITSC.00.EHN.D.2023.316.
2023-11-15 17:24:09,941 - Watchdog received event - .\..\archive\2023\ZW\ITSC\EHZ.D\ZW.ITSC.00.EHZ.D.2023.316.
2023-11-15 17:37:05,425 - Watchdog received event - .\..\archive\2023\ZW\ITSC\EHE.D\ZW.ITSC.00.EHE.D.2023.316.
2023-11-15 17:37:06,677 - Watchdog received event - .\..\archive\2023\ZW\ITSC\EHN.D\ZW.ITSC.00.EHN.D.2023.316.
2023-11-15 17:37:07,780 - Watchdog received event - .\..\archive\2023\ZW\ITSC\EHZ.D\ZW.ITSC.00.EHZ.D.2023.316.
2023-11-15 18:05:30,575 - Watchdog received event - .\..\archive\2023\HP\UPR\HHZ.D\HP.UPR..HHZ.D.2023.319.
2023-11-15 18:06:07,321 - Watchdog received event - .\..\archive\2023\HP\UPR\HHZ.D\HP.UPR..HHZ.D.2023.319.
2023-11-15 18:06:29,077 - Watchdog received event - .\..\archive\2023\HP\UPR\HHZ.D\HP.UPR..HHZ.D.2023.319.
2023-11-15 18:08:49,721 - Watchdog received event - .\..\archive\2023\HP\UPR\HHZ.D\HP.UPR..HHZ.D.2023.319.
2023-11-15 18:09:31,811 - Watchdog received event - .\..\archive\2023\HP\UPR\HHZ.D\HP.UPR..HHZ.D.2023.319.
2023-11-15 18:10:55,596 - Watchdog received event - .\..\archive\2023\HP\UPR\HHZ.D\HP.UPR..HHZ.D.2023.319.
2023-11-15 18:10:57,074 - Watchdog received event - .\..\archive\2023\HP\UPR\HHZ.D\HP.UPR..HHZ.D.2023.319.
2023-11-15 18:11:40,694 - Watchdog received event - .\..\archive\2023\HP\UPR\HHZ.D\HP.UPR..HHZ.D.2023.319.
2023-11-17 23:29:29,640 - Watchdog received event - .\..\archive\2023\HP\UPR\HHZ.D\HP.UPR..HHZ.D.2023.321.
2023-11-17 23:29:30,932 - Watchdog received event - .\..\archive\2023\HP\UPR\HHE.D\HP.UPR..HHE.D.2023.321.
2023-11-17 23:29:32,093 - Watchdog received event - .\..\archive\2023\HP\UPR\HHN.D\HP.UPR..HHN.D.2023.321.
2023-11-17 23:30:04,955 - Watchdog received event - .\..\archive\2023\HP\UPR\HHE.D\HP.UPR..HHE.D.2023.321.
2023-11-17 23:30:05,976 - Watchdog received event - .\..\archive\2023\HP\UPR\HHZ.D\HP.UPR..HHZ.D.2023.321.
2023-11-17 23:30:07,092 - Watchdog received event - .\..\archive\2023\HP\UPR\HHN.D\HP.UPR..HHN.D.2023.321.
